============================================================
Time  2016/08/10 15:36:17 951 
============================================================
[2016/08/10 15:36:17 951] auth       479  SYS_MSG_LOAD  
[2016/08/10 15:36:17 953] auth       459  AUTH_MSG_LOCAL_CHECK  
[2016/08/10 15:36:17 953] auth       473  read auth file failed! err=  11200  
============================================================
Time  2016/08/13 19:37:15 914 
============================================================
[2016/08/13 19:37:15 924] auth       479  SYS_MSG_LOAD  
[2016/08/13 19:37:15 927] auth       459  AUTH_MSG_LOCAL_CHECK  
[2016/08/13 19:37:15 928] auth       473  read auth file failed! err=  11200  
============================================================
Time  2016/08/13 19:43:19 793 
============================================================
[2016/08/13 19:43:19 793] auth       479  SYS_MSG_LOAD  
[2016/08/13 19:43:19 793] auth       459  AUTH_MSG_LOCAL_CHECK  
[2016/08/13 19:43:19 795] auth       473  read auth file failed! err=  11200  
============================================================
Time  2016/08/13 19:46:58 688 
============================================================
[2016/08/13 19:46:58 688] auth       479  SYS_MSG_LOAD  
[2016/08/13 19:46:58 688] auth       459  AUTH_MSG_LOCAL_CHECK  
[2016/08/13 19:46:58 688] auth       473  read auth file failed! err=  11200  
============================================================
Time  2016/08/13 19:49:00 391 
============================================================
[2016/08/13 19:49:00 391] auth       479  SYS_MSG_LOAD  
[2016/08/13 19:49:00 391] auth       459  AUTH_MSG_LOCAL_CHECK  
[2016/08/13 19:49:00 391] auth       473  read auth file failed! err=  11200  
============================================================
Time  2016/08/13 19:53:14 207 
============================================================
[2016/08/13 19:53:14 207] auth       479  SYS_MSG_LOAD  
[2016/08/13 19:53:14 213] auth       459  AUTH_MSG_LOCAL_CHECK  
[2016/08/13 19:53:14 213] auth       473  read auth file failed! err=  11200  
============================================================
Time  2016/08/13 20:09:18 196 
============================================================
[2016/08/13 20:09:18 196] auth       479  SYS_MSG_LOAD  
[2016/08/13 20:09:18 200] auth       459  AUTH_MSG_LOCAL_CHECK  
[2016/08/13 20:09:18 201] auth       473  read auth file failed! err=  11200  
============================================================
Time  2016/08/19 14:59:32 565 
============================================================
[2016/08/19 14:59:32 572] auth       479  SYS_MSG_LOAD  
[2016/08/19 14:59:32 572] auth       459  AUTH_MSG_LOCAL_CHECK  
[2016/08/19 14:59:32 572] auth       473  read auth file failed! err=  11200  
============================================================
Time  2016/08/19 19:30:16 073 
============================================================
[2016/08/19 19:30:16 078] auth       479  SYS_MSG_LOAD  
[2016/08/19 19:30:16 079] auth       459  AUTH_MSG_LOCAL_CHECK  
[2016/08/19 19:30:16 079] auth       473  read auth file failed! err=  11200  
============================================================
Time  2016/08/19 19:39:41 280 
============================================================
[2016/08/19 19:39:41 282] auth       479  SYS_MSG_LOAD  
[2016/08/19 19:39:41 286] auth       459  AUTH_MSG_LOCAL_CHECK  
[2016/08/19 19:39:41 286] auth       473  read auth file failed! err=  11200  
============================================================
Time  2016/08/19 20:12:32 549 
============================================================
[2016/08/19 20:12:32 549] auth       479  SYS_MSG_LOAD  
[2016/08/19 20:12:32 555] auth       459  AUTH_MSG_LOCAL_CHECK  
[2016/08/19 20:12:32 555] auth       473  read auth file failed! err=  11200  
============================================================
Time  2016/08/19 20:13:14 670 
============================================================
[2016/08/19 20:13:14 670] auth       479  SYS_MSG_LOAD  
[2016/08/19 20:13:14 676] auth       459  AUTH_MSG_LOCAL_CHECK  
[2016/08/19 20:13:14 676] auth       473  read auth file failed! err=  11200  
============================================================
Time  2016/08/19 20:32:23 306 
============================================================
[2016/08/19 20:32:23 306] auth       479  SYS_MSG_LOAD  
[2016/08/19 20:32:23 312] auth       459  AUTH_MSG_LOCAL_CHECK  
[2016/08/19 20:32:23 312] auth       473  read auth file failed! err=  11200  
============================================================
Time  2016/08/19 21:03:54 302 
============================================================
[2016/08/19 21:03:54 302] auth       479  SYS_MSG_LOAD  
[2016/08/19 21:03:54 308] auth       459  AUTH_MSG_LOCAL_CHECK  
[2016/08/19 21:03:54 308] auth       473  read auth file failed! err=  11200  
============================================================
Time  2016/08/19 21:05:12 157 
============================================================
[2016/08/19 21:05:12 158] auth       479  SYS_MSG_LOAD  
[2016/08/19 21:05:12 164] auth       459  AUTH_MSG_LOCAL_CHECK  
[2016/08/19 21:05:12 164] auth       473  read auth file failed! err=  11200  
============================================================
Time  2016/08/19 21:18:51 973 
============================================================
[2016/08/19 21:18:51 973] auth       479  SYS_MSG_LOAD  
[2016/08/19 21:18:51 977] auth       459  AUTH_MSG_LOCAL_CHECK  
[2016/08/19 21:18:51 977] auth       473  read auth file failed! err=  11200  
============================================================
Time  2016/08/19 21:23:55 520 
============================================================
[2016/08/19 21:23:55 522] auth       479  SYS_MSG_LOAD  
[2016/08/19 21:23:55 526] auth       459  AUTH_MSG_LOCAL_CHECK  
[2016/08/19 21:23:55 528] auth       473  read auth file failed! err=  11200  
============================================================
Time  2016/08/19 21:34:46 084 
============================================================
[2016/08/19 21:34:46 085] auth       479  SYS_MSG_LOAD  
[2016/08/19 21:34:46 088] auth       459  AUTH_MSG_LOCAL_CHECK  
[2016/08/19 21:34:46 088] auth       473  read auth file failed! err=  11200  
============================================================
Time  2016/08/19 22:01:09 890 
============================================================
[2016/08/19 22:01:09 891] auth       479  SYS_MSG_LOAD  
[2016/08/19 22:01:09 894] auth       459  AUTH_MSG_LOCAL_CHECK  
[2016/08/19 22:01:09 895] auth       473  read auth file failed! err=  11200  
============================================================
Time  2016/08/19 22:02:01 068 
============================================================
[2016/08/19 22:02:01 069] auth       479  SYS_MSG_LOAD  
[2016/08/19 22:02:01 073] auth       459  AUTH_MSG_LOCAL_CHECK  
[2016/08/19 22:02:01 073] auth       473  read auth file failed! err=  11200  
============================================================
Time  2016/08/19 22:02:44 700 
============================================================
[2016/08/19 22:02:44 701] auth       479  SYS_MSG_LOAD  
[2016/08/19 22:02:44 707] auth       459  AUTH_MSG_LOCAL_CHECK  
[2016/08/19 22:02:44 707] auth       473  read auth file failed! err=  11200  
============================================================
Time  2016/08/19 22:03:41 132 
============================================================
[2016/08/19 22:03:41 132] auth       479  SYS_MSG_LOAD  
[2016/08/19 22:03:41 138] auth       459  AUTH_MSG_LOCAL_CHECK  
[2016/08/19 22:03:41 138] auth       473  read auth file failed! err=  11200  
============================================================
Time  2016/08/20 09:03:07 046 
============================================================
[2016/08/20 09:03:07 071] auth       479  SYS_MSG_LOAD  
[2016/08/20 09:03:07 073] auth       459  AUTH_MSG_LOCAL_CHECK  
[2016/08/20 09:03:07 073] auth       473  read auth file failed! err=  11200  
============================================================
Time  2016/08/20 09:03:35 568 
============================================================
[2016/08/20 09:03:35 568] auth       479  SYS_MSG_LOAD  
[2016/08/20 09:03:35 572] auth       459  AUTH_MSG_LOCAL_CHECK  
[2016/08/20 09:03:35 573] auth       473  read auth file failed! err=  11200  
============================================================
Time  2016/08/20 09:28:37 030 
============================================================
[2016/08/20 09:28:37 053] auth       479  SYS_MSG_LOAD  
[2016/08/20 09:28:37 071] auth       459  AUTH_MSG_LOCAL_CHECK  
[2016/08/20 09:28:37 072] auth       473  read auth file failed! err=  11200  
============================================================
Time  2016/08/20 09:29:21 917 
============================================================
[2016/08/20 09:29:21 917] auth       479  SYS_MSG_LOAD  
[2016/08/20 09:29:21 921] auth       459  AUTH_MSG_LOCAL_CHECK  
[2016/08/20 09:29:21 921] auth       473  read auth file failed! err=  11200  
============================================================
Time  2016/08/20 10:43:07 115 
============================================================
[2016/08/20 10:43:07 151] auth       479  SYS_MSG_LOAD  
[2016/08/20 10:43:07 154] auth       459  AUTH_MSG_LOCAL_CHECK  
[2016/08/20 10:43:07 155] auth       473  read auth file failed! err=  11200  
============================================================
Time  2016/08/20 10:43:43 642 
============================================================
[2016/08/20 10:43:43 642] auth       479  SYS_MSG_LOAD  
[2016/08/20 10:43:43 648] auth       459  AUTH_MSG_LOCAL_CHECK  
[2016/08/20 10:43:43 648] auth       473  read auth file failed! err=  11200  
============================================================
Time  2016/08/20 10:46:21 927 
============================================================
[2016/08/20 10:46:21 927] auth       479  SYS_MSG_LOAD  
[2016/08/20 10:46:21 933] auth       459  AUTH_MSG_LOCAL_CHECK  
[2016/08/20 10:46:21 934] auth       473  read auth file failed! err=  11200  
============================================================
Time  2016/08/20 14:34:02 657 
============================================================
[2016/08/20 14:34:02 657] auth       479  SYS_MSG_LOAD  
[2016/08/20 14:34:02 664] auth       459  AUTH_MSG_LOCAL_CHECK  
[2016/08/20 14:34:02 664] auth       473  read auth file failed! err=  11200  
============================================================
Time  2016/08/20 14:34:58 154 
============================================================
[2016/08/20 14:34:58 154] auth       479  SYS_MSG_LOAD  
[2016/08/20 14:34:58 160] auth       459  AUTH_MSG_LOCAL_CHECK  
[2016/08/20 14:34:58 160] auth       473  read auth file failed! err=  11200  
============================================================
Time  2016/08/20 14:37:17 963 
============================================================
[2016/08/20 14:37:17 963] auth       479  SYS_MSG_LOAD  
[2016/08/20 14:37:17 967] auth       459  AUTH_MSG_LOCAL_CHECK  
[2016/08/20 14:37:17 967] auth       473  read auth file failed! err=  11200  
============================================================
Time  2016/08/20 14:37:47 167 
============================================================
[2016/08/20 14:37:47 167] auth       479  SYS_MSG_LOAD  
[2016/08/20 14:37:47 171] auth       459  AUTH_MSG_LOCAL_CHECK  
[2016/08/20 14:37:47 171] auth       473  read auth file failed! err=  11200  
============================================================
Time  2016/08/20 14:38:32 131 
============================================================
[2016/08/20 14:38:32 131] auth       479  SYS_MSG_LOAD  
[2016/08/20 14:38:32 135] auth       459  AUTH_MSG_LOCAL_CHECK  
[2016/08/20 14:38:32 135] auth       473  read auth file failed! err=  11200  
============================================================
Time  2016/08/20 16:28:24 105 
============================================================
[2016/08/20 16:28:24 105] auth       479  SYS_MSG_LOAD  
[2016/08/20 16:28:24 111] auth       459  AUTH_MSG_LOCAL_CHECK  
[2016/08/20 16:28:24 111] auth       473  read auth file failed! err=  11200  
