============================================================
Time  2016/08/10 15:36:18 378 
============================================================
[2016/08/10 15:36:18 378] isr        1527 isr loaded!  
[2016/08/10 15:36:18 378] isr        1510 SYS_MSG_REGCB param0 =   msp_status_cb  param1 =   func(145a448) 
[2016/08/10 15:36:18 378] isr        1411 ASR_MSG_SSB  
[2016/08/10 15:36:18 378] isr        987  session_begin() [in], params:   sub = asr, result_type = plain, result_encoding = gb2312  4320e097e87f9d58e30eb1f66a896905  
[2016/08/10 15:36:18 380] isr        849  vad_set [in]  
[2016/08/10 15:36:18 380] isr        884  vad_enable :  true  
[2016/08/10 15:36:18 380] isr        902  vad_bos :  10000  
[2016/08/10 15:36:18 380] isr        903  vad_eos :  2000  
[2016/08/10 15:36:18 380] isr        808  enable_vad [in]  
[2016/08/10 15:36:18 381] isr        840  vad enabled!  2000  10000  
[2016/08/10 15:36:18 381] isr        843  enable_vad [out]  
[2016/08/10 15:36:18 381] isr        909  vad_set [out] | ret =  0  
[2016/08/10 15:36:18 381] isr        1093 cur_engine_type =   cloud  
[2016/08/10 15:36:18 381] isr        929  cloud_session_begin  
[2016/08/10 15:36:18 381] isr        941  standard  
[2016/08/10 15:36:18 382] isr        1421 ASR_MSG_AUW,   cloud  
[2016/08/10 15:36:18 382] isr        1432 6400  1  
[2016/08/10 15:36:18 382] isr        1436 once_bytes:   6400  
[2016/08/10 15:36:18 443] isr        756  [aud] speech start  
[2016/08/10 15:36:19 390] isr        1421 ASR_MSG_AUW,   cloud  
[2016/08/10 15:36:19 390] isr        1432 6400  2  
[2016/08/10 15:36:19 590] isr        1421 ASR_MSG_AUW,   cloud  
[2016/08/10 15:36:19 590] isr        1432 6400  2  
[2016/08/10 15:36:19 791] isr        1421 ASR_MSG_AUW,   cloud  
[2016/08/10 15:36:19 791] isr        1432 6400  2  
[2016/08/10 15:36:19 993] isr        1421 ASR_MSG_AUW,   cloud  
[2016/08/10 15:36:19 993] isr        1432 6400  2  
[2016/08/10 15:36:20 194] isr        1421 ASR_MSG_AUW,   cloud  
[2016/08/10 15:36:20 194] isr        1432 6400  2  
[2016/08/10 15:36:20 395] isr        1421 ASR_MSG_AUW,   cloud  
[2016/08/10 15:36:20 395] isr        1432 6400  2  
[2016/08/10 15:36:20 448] isr        635  cloud_status_cb, eps:  1  
[2016/08/10 15:36:20 596] isr        1421 ASR_MSG_AUW,   cloud  
[2016/08/10 15:36:20 597] isr        1432 6400  2  
[2016/08/10 15:36:20 797] isr        1421 ASR_MSG_AUW,   cloud  
[2016/08/10 15:36:20 797] isr        1432 6400  2  
[2016/08/10 15:36:20 999] isr        1421 ASR_MSG_AUW,   cloud  
[2016/08/10 15:36:20 999] isr        1432 6400  2  
[2016/08/10 15:36:21 200] isr        1421 ASR_MSG_AUW,   cloud  
[2016/08/10 15:36:21 200] isr        1432 6400  2  
[2016/08/10 15:36:21 402] isr        1421 ASR_MSG_AUW,   cloud  
[2016/08/10 15:36:21 402] isr        1432 6400  2  
[2016/08/10 15:36:21 602] isr        1421 ASR_MSG_AUW,   cloud  
[2016/08/10 15:36:21 602] isr        1432 6400  2  
[2016/08/10 15:36:21 804] isr        1421 ASR_MSG_AUW,   cloud  
[2016/08/10 15:36:21 804] isr        1432 6400  2  
[2016/08/10 15:36:22 005] isr        1421 ASR_MSG_AUW,   cloud  
[2016/08/10 15:36:22 005] isr        1432 6400  2  
[2016/08/10 15:36:22 205] isr        1421 ASR_MSG_AUW,   cloud  
[2016/08/10 15:36:22 205] isr        1432 6400  2  
[2016/08/10 15:36:22 407] isr        1421 ASR_MSG_AUW,   cloud  
[2016/08/10 15:36:22 407] isr        1432 6400  2  
[2016/08/10 15:36:22 608] isr        1421 ASR_MSG_AUW,   cloud  
[2016/08/10 15:36:22 608] isr        1432 6400  2  
[2016/08/10 15:36:22 809] isr        1421 ASR_MSG_AUW,   cloud  
[2016/08/10 15:36:22 809] isr        1432 6400  2  
[2016/08/10 15:36:23 011] isr        1421 ASR_MSG_AUW,   cloud  
[2016/08/10 15:36:23 011] isr        1432 6400  2  
[2016/08/10 15:36:23 211] isr        1421 ASR_MSG_AUW,   cloud  
[2016/08/10 15:36:23 211] isr        1432 11442  2  
[2016/08/10 15:36:23 412] isr        1421 ASR_MSG_AUW,   cloud  
[2016/08/10 15:36:23 413] isr        1432 0  4  
[2016/08/10 15:36:23 413] isr        1465 aud end, USER  
[2016/08/10 15:36:23 414] isr        1504 ASR_MSG_GRSLT,   cloud  
[2016/08/10 15:36:23 414] isr        1238 0  nil  2  
[2016/08/10 15:36:23 416] isr        766  [aud] speech end  
[2016/08/10 15:36:23 462] isr        635  cloud_status_cb, eps:  1  
[2016/08/10 15:36:23 566] isr        1504 ASR_MSG_GRSLT,   cloud  
[2016/08/10 15:36:23 566] isr        1238 0  nil  2  
[2016/08/10 15:36:23 717] isr        1504 ASR_MSG_GRSLT,   cloud  
[2016/08/10 15:36:23 717] isr        1238 0  nil  2  
[2016/08/10 15:36:23 868] isr        1504 ASR_MSG_GRSLT,   cloud  
[2016/08/10 15:36:23 868] isr        1238 0  nil  2  
[2016/08/10 15:36:24 020] isr        1504 ASR_MSG_GRSLT,   cloud  
[2016/08/10 15:36:24 020] isr        1238 0  nil  2  
[2016/08/10 15:36:24 043] isr        628  cloud_status_cb, rcs:  0  
[2016/08/10 15:36:24 045] isr        590  cloud_rslt_cb status =   5  
[2016/08/10 15:36:24 045] isr        569  process_result call:  cloud  udata(3849f88) 5  nil  
[2016/08/10 15:36:24 171] isr        1504 ASR_MSG_GRSLT,   cloud  
[2016/08/10 15:36:24 171] isr        1238 0  udata(3849f88) 5  
[2016/08/10 15:36:24 325] isr        1507 ASR_MSG_SSE,   cloud  
[2016/08/10 15:36:24 325] isr        1257 session_end() [in]  
[2016/08/10 15:36:24 325] isr        1319 cloud_session_end() [in]  
[2016/08/10 15:36:24 328] isr        1388 cloud_session_end() [out]  
[2016/08/10 15:36:24 329] isr        1535 isr unload!  
============================================================
Time  2016/08/13 19:37:16 128 
============================================================
[2016/08/13 19:37:16 148] isr        1527 isr loaded!  
[2016/08/13 19:37:16 148] isr        1510 SYS_MSG_REGCB param0 =   msp_status_cb  param1 =   func(1228800) 
[2016/08/13 19:37:16 150] isr        1411 ASR_MSG_SSB  
[2016/08/13 19:37:16 150] isr        987  session_begin() [in], params:   sub = asr, result_type = plain, result_encoding = gb2312  7aec913d296d3e35e47a25beaeb69311  
[2016/08/13 19:37:16 150] isr        849  vad_set [in]  
[2016/08/13 19:37:16 150] isr        884  vad_enable :  true  
[2016/08/13 19:37:16 150] isr        902  vad_bos :  10000  
[2016/08/13 19:37:16 150] isr        903  vad_eos :  2000  
[2016/08/13 19:37:16 150] isr        808  enable_vad [in]  
[2016/08/13 19:37:16 151] isr        840  vad enabled!  2000  10000  
[2016/08/13 19:37:16 151] isr        843  enable_vad [out]  
[2016/08/13 19:37:16 151] isr        909  vad_set [out] | ret =  0  
[2016/08/13 19:37:16 151] isr        1093 cur_engine_type =   cloud  
[2016/08/13 19:37:16 151] isr        929  cloud_session_begin  
[2016/08/13 19:37:16 151] isr        941  standard  
[2016/08/13 19:37:16 155] isr        1421 ASR_MSG_AUW,   cloud  
[2016/08/13 19:37:16 155] isr        1432 6400  1  
[2016/08/13 19:37:16 155] isr        1436 once_bytes:   6400  
[2016/08/13 19:37:16 160] isr        756  [aud] speech start  
[2016/08/13 19:37:21 403] isr        1421 ASR_MSG_AUW,   cloud  
[2016/08/13 19:37:21 403] isr        1432 6400  2  
[2016/08/13 19:37:21 605] isr        1421 ASR_MSG_AUW,   cloud  
[2016/08/13 19:37:21 605] isr        1432 6400  2  
[2016/08/13 19:37:21 806] isr        1421 ASR_MSG_AUW,   cloud  
[2016/08/13 19:37:21 806] isr        1432 6400  2  
[2016/08/13 19:37:22 009] isr        1421 ASR_MSG_AUW,   cloud  
[2016/08/13 19:37:22 009] isr        1432 6400  2  
[2016/08/13 19:37:22 210] isr        1421 ASR_MSG_AUW,   cloud  
[2016/08/13 19:37:22 210] isr        1432 6400  2  
[2016/08/13 19:37:22 411] isr        1421 ASR_MSG_AUW,   cloud  
[2016/08/13 19:37:22 411] isr        1432 6400  2  
[2016/08/13 19:37:22 453] isr        635  cloud_status_cb, eps:  1  
[2016/08/13 19:37:22 611] isr        1421 ASR_MSG_AUW,   cloud  
[2016/08/13 19:37:22 611] isr        1432 6400  2  
[2016/08/13 19:37:22 812] isr        1421 ASR_MSG_AUW,   cloud  
[2016/08/13 19:37:22 812] isr        1432 6400  2  
[2016/08/13 19:37:23 013] isr        1421 ASR_MSG_AUW,   cloud  
[2016/08/13 19:37:23 013] isr        1432 6400  2  
[2016/08/13 19:37:23 214] isr        1421 ASR_MSG_AUW,   cloud  
[2016/08/13 19:37:23 214] isr        1432 6400  2  
[2016/08/13 19:37:23 415] isr        1421 ASR_MSG_AUW,   cloud  
[2016/08/13 19:37:23 415] isr        1432 6400  2  
[2016/08/13 19:37:23 617] isr        1421 ASR_MSG_AUW,   cloud  
[2016/08/13 19:37:23 617] isr        1432 6400  2  
[2016/08/13 19:37:23 818] isr        1421 ASR_MSG_AUW,   cloud  
[2016/08/13 19:37:23 818] isr        1432 6400  2  
[2016/08/13 19:37:24 019] isr        1421 ASR_MSG_AUW,   cloud  
[2016/08/13 19:37:24 019] isr        1432 6400  2  
[2016/08/13 19:37:24 220] isr        1421 ASR_MSG_AUW,   cloud  
[2016/08/13 19:37:24 220] isr        1432 6400  2  
[2016/08/13 19:37:24 423] isr        1421 ASR_MSG_AUW,   cloud  
[2016/08/13 19:37:24 423] isr        1432 6400  2  
[2016/08/13 19:37:24 625] isr        1421 ASR_MSG_AUW,   cloud  
[2016/08/13 19:37:24 625] isr        1432 6400  2  
[2016/08/13 19:37:24 825] isr        1421 ASR_MSG_AUW,   cloud  
[2016/08/13 19:37:24 825] isr        1432 6400  2  
[2016/08/13 19:37:25 026] isr        1421 ASR_MSG_AUW,   cloud  
[2016/08/13 19:37:25 026] isr        1432 6400  2  
[2016/08/13 19:37:25 229] isr        1421 ASR_MSG_AUW,   cloud  
[2016/08/13 19:37:25 230] isr        1432 11442  2  
[2016/08/13 19:37:25 430] isr        1421 ASR_MSG_AUW,   cloud  
[2016/08/13 19:37:25 430] isr        1432 0  4  
[2016/08/13 19:37:25 430] isr        1465 aud end, USER  
[2016/08/13 19:37:25 433] isr        1504 ASR_MSG_GRSLT,   cloud  
[2016/08/13 19:37:25 433] isr        1238 0  nil  2  
[2016/08/13 19:37:25 436] isr        766  [aud] speech end  
[2016/08/13 19:37:25 484] isr        635  cloud_status_cb, eps:  1  
[2016/08/13 19:37:25 585] isr        1504 ASR_MSG_GRSLT,   cloud  
[2016/08/13 19:37:25 586] isr        1238 0  nil  2  
[2016/08/13 19:37:25 739] isr        1504 ASR_MSG_GRSLT,   cloud  
[2016/08/13 19:37:25 739] isr        1238 0  nil  2  
[2016/08/13 19:37:25 891] isr        1504 ASR_MSG_GRSLT,   cloud  
[2016/08/13 19:37:25 891] isr        1238 0  nil  2  
[2016/08/13 19:37:26 043] isr        1504 ASR_MSG_GRSLT,   cloud  
[2016/08/13 19:37:26 043] isr        1238 0  nil  2  
[2016/08/13 19:37:26 081] isr        628  cloud_status_cb, rcs:  0  
[2016/08/13 19:37:26 085] isr        590  cloud_rslt_cb status =   5  
[2016/08/13 19:37:26 085] isr        569  process_result call:  cloud  udata(3559518) 5  nil  
[2016/08/13 19:37:26 086] isr        628  cloud_status_cb, rcs:  0  
[2016/08/13 19:37:26 196] isr        1504 ASR_MSG_GRSLT,   cloud  
[2016/08/13 19:37:26 196] isr        1238 0  udata(3559518) 5  
[2016/08/13 19:37:26 348] isr        1507 ASR_MSG_SSE,   cloud  
[2016/08/13 19:37:26 348] isr        1257 session_end() [in]  
[2016/08/13 19:37:26 348] isr        1319 cloud_session_end() [in]  
[2016/08/13 19:37:26 351] isr        1388 cloud_session_end() [out]  
[2016/08/13 19:37:26 352] isr        1535 isr unload!  
